c:\users\inanc\documents\.thomasmore\phase1-semester1\oop-with-(c++)\.vacation-park-main\vacation-park-v2\_main.cpp\x64\debug\vc143.pdb
c:\users\inanc\documents\.thomasmore\phase1-semester1\oop-with-(c++)\.vacation-park-main\vacation-park-v2\_main.cpp\x64\debug\vc143.idb
c:\users\inanc\documents\.thomasmore\phase1-semester1\oop-with-(c++)\.vacation-park-main\vacation-park-v2\_main.cpp\x64\debug\_main.obj
c:\users\inanc\documents\.thomasmore\phase1-semester1\oop-with-(c++)\.vacation-park-main\vacation-park-v2\_main.cpp\x64\debug\customer.obj
c:\users\inanc\documents\.thomasmore\phase1-semester1\oop-with-(c++)\.vacation-park-main\vacation-park-v2\_main.cpp\x64\debug\vacationparcs.obj
c:\users\inanc\documents\.thomasmore\phase1-semester1\oop-with-(c++)\.vacation-park-main\vacation-park-v2\_main.cpp\x64\debug\usecaselibrary.obj
c:\users\inanc\documents\.thomasmore\phase1-semester1\oop-with-(c++)\.vacation-park-main\vacation-park-v2\_main.cpp\x64\debug\booking.obj
c:\users\inanc\documents\.thomasmore\phase1-semester1\oop-with-(c++)\.vacation-park-main\vacation-park-v2\_main.cpp\x64\debug\accomodations.obj
c:\users\inanc\documents\.thomasmore\phase1-semester1\oop-with-(c++)\.vacation-park-main\vacation-park-v2\_main.cpp\x64\debug\hotelroom.obj
c:\users\inanc\documents\.thomasmore\phase1-semester1\oop-with-(c++)\.vacation-park-main\vacation-park-v2\_main.cpp\x64\debug\bungalow.obj
c:\users\inanc\documents\.thomasmore\phase1-semester1\oop-with-(c++)\.vacation-park-main\vacation-park-v2\_main.cpp\x64\debug\parcs.obj
c:\users\inanc\documents\.thomasmore\phase1-semester1\oop-with-(c++)\.vacation-park-main\vacation-park-v2\_main.cpp\x64\debug\parcservices.obj
c:\users\inanc\documents\.thomasmore\phase1-semester1\oop-with-(c++)\.vacation-park-main\vacation-park-v2\_main.cpp\x64\debug\luxurylevel.obj
c:\users\inanc\documents\.thomasmore\phase1-semester1\oop-with-(c++)\.vacation-park-main\vacation-park-v2\_main.cpp\x64\debug\_parccontroller.obj
c:\users\inanc\documents\.thomasmore\phase1-semester1\oop-with-(c++)\.vacation-park-main\vacation-park-v2\_main.cpp\x64\debug\_customercontroller.obj
c:\users\inanc\documents\.thomasmore\phase1-semester1\oop-with-(c++)\.vacation-park-main\vacation-park-v2\_main.cpp\x64\debug\_accomodationcontroller.obj
c:\users\inanc\documents\.thomasmore\phase1-semester1\oop-with-(c++)\.vacation-park-main\vacation-park-v2\_main.cpp\x64\debug\_bookingcontroller.obj
c:\users\inanc\documents\.thomasmore\phase1-semester1\oop-with-(c++)\.vacation-park-main\vacation-park-v2\_main.cpp\x64\debug\_usecaselibrary.obj
c:\users\inanc\documents\.thomasmore\phase1-semester1\oop-with-(c++)\.vacation-park-main\vacation-park-v2\_main.cpp\x64\debug\__main.obj
c:\users\inanc\documents\.thomasmore\phase1-semester1\oop-with-(c++)\.vacation-park-main\vacation-park-v2\x64\debug\_main.cpp.exe
c:\users\inanc\documents\.thomasmore\phase1-semester1\oop-with-(c++)\.vacation-park-main\vacation-park-v2\_main.cpp\x64\debug\_main.cpp.ilk
c:\users\inanc\documents\.thomasmore\phase1-semester1\oop-with-(c++)\.vacation-park-main\vacation-park-v2\x64\debug\_main.cpp.pdb
c:\users\inanc\documents\.thomasmore\phase1-semester1\oop-with-(c++)\.vacation-park-main\vacation-park-v2\_main.cpp\x64\debug\usecaselibrary.obj.enc
c:\users\inanc\documents\.thomasmore\phase1-semester1\oop-with-(c++)\.vacation-park-main\vacation-park-v2\_main.cpp\x64\debug\_main.cpp.tlog\cl.command.1.tlog
c:\users\inanc\documents\.thomasmore\phase1-semester1\oop-with-(c++)\.vacation-park-main\vacation-park-v2\_main.cpp\x64\debug\_main.cpp.tlog\cl.read.1.tlog
c:\users\inanc\documents\.thomasmore\phase1-semester1\oop-with-(c++)\.vacation-park-main\vacation-park-v2\_main.cpp\x64\debug\_main.cpp.tlog\cl.write.1.tlog
c:\users\inanc\documents\.thomasmore\phase1-semester1\oop-with-(c++)\.vacation-park-main\vacation-park-v2\_main.cpp\x64\debug\_main.cpp.tlog\link.command.1.tlog
c:\users\inanc\documents\.thomasmore\phase1-semester1\oop-with-(c++)\.vacation-park-main\vacation-park-v2\_main.cpp\x64\debug\_main.cpp.tlog\link.read.1.tlog
c:\users\inanc\documents\.thomasmore\phase1-semester1\oop-with-(c++)\.vacation-park-main\vacation-park-v2\_main.cpp\x64\debug\_main.cpp.tlog\link.write.1.tlog
