  Booking.cpp
  _main.cpp
C:\Users\inanc\Documents\.thomasMore\phase1-semester1\oop-with-(c++)\.vacation-park-main\vacation-park\vacation-park\Booking.h(15,11): error C3646: '_Customer': unknown override specifier
C:\Users\inanc\Documents\.thomasMore\phase1-semester1\oop-with-(c++)\.vacation-park-main\vacation-park\vacation-park\Booking.h(15,20): error C4430: missing type specifier - int assumed. Note: C++ does not support default-int
C:\Users\inanc\Documents\.thomasMore\phase1-semester1\oop-with-(c++)\.vacation-park-main\vacation-park\vacation-park\Booking.h(23,9): error C4430: missing type specifier - int assumed. Note: C++ does not support default-int
C:\Users\inanc\Documents\.thomasMore\phase1-semester1\oop-with-(c++)\.vacation-park-main\vacation-park\vacation-park\Booking.h(25,17): error C2143: syntax error: missing ',' before '&'
C:\Users\inanc\Documents\.thomasMore\phase1-semester1\oop-with-(c++)\.vacation-park-main\vacation-park\vacation-park\Booking.h(34,33): error C4430: missing type specifier - int assumed. Note: C++ does not support default-int
C:\Users\inanc\Documents\.thomasMore\phase1-semester1\oop-with-(c++)\.vacation-park-main\vacation-park\vacation-park\Booking.h(34,33): error C2143: syntax error: missing ',' before '&'
C:\Users\inanc\Documents\.thomasMore\phase1-semester1\oop-with-(c++)\.vacation-park-main\vacation-park\vacation-park\Booking.h(42,16): error C4430: missing type specifier - int assumed. Note: C++ does not support default-int
C:\Users\inanc\Documents\.thomasMore\phase1-semester1\oop-with-(c++)\.vacation-park-main\vacation-park\vacation-park\Booking.h(42,16): error C2143: syntax error: missing ';' before '&'
C:\Users\inanc\Documents\.thomasMore\phase1-semester1\oop-with-(c++)\.vacation-park-main\vacation-park\vacation-park\Booking.h(42,37): error C2238: unexpected token(s) preceding ';'
  Customer.cpp
C:\Users\inanc\Documents\.thomasMore\phase1-semester1\oop-with-(c++)\.vacation-park-main\vacation-park\vacation-park\Booking.h(15,11): error C3646: '_Customer': unknown override specifier
C:\Users\inanc\Documents\.thomasMore\phase1-semester1\oop-with-(c++)\.vacation-park-main\vacation-park\vacation-park\Booking.h(15,20): error C4430: missing type specifier - int assumed. Note: C++ does not support default-int
C:\Users\inanc\Documents\.thomasMore\phase1-semester1\oop-with-(c++)\.vacation-park-main\vacation-park\vacation-park\Booking.h(23,9): error C4430: missing type specifier - int assumed. Note: C++ does not support default-int
C:\Users\inanc\Documents\.thomasMore\phase1-semester1\oop-with-(c++)\.vacation-park-main\vacation-park\vacation-park\Booking.h(25,17): error C2143: syntax error: missing ',' before '&'
C:\Users\inanc\Documents\.thomasMore\phase1-semester1\oop-with-(c++)\.vacation-park-main\vacation-park\vacation-park\Booking.h(34,33): error C4430: missing type specifier - int assumed. Note: C++ does not support default-int
C:\Users\inanc\Documents\.thomasMore\phase1-semester1\oop-with-(c++)\.vacation-park-main\vacation-park\vacation-park\Booking.h(34,33): error C2143: syntax error: missing ',' before '&'
C:\Users\inanc\Documents\.thomasMore\phase1-semester1\oop-with-(c++)\.vacation-park-main\vacation-park\vacation-park\Booking.h(42,16): error C4430: missing type specifier - int assumed. Note: C++ does not support default-int
C:\Users\inanc\Documents\.thomasMore\phase1-semester1\oop-with-(c++)\.vacation-park-main\vacation-park\vacation-park\Booking.h(42,16): error C2143: syntax error: missing ';' before '&'
C:\Users\inanc\Documents\.thomasMore\phase1-semester1\oop-with-(c++)\.vacation-park-main\vacation-park\vacation-park\Booking.h(42,37): error C2238: unexpected token(s) preceding ';'
  myLibrary.cpp
C:\Users\inanc\Documents\.thomasMore\phase1-semester1\oop-with-(c++)\.vacation-park-main\vacation-park\vacation-park\Booking.h(15,11): error C3646: '_Customer': unknown override specifier
C:\Users\inanc\Documents\.thomasMore\phase1-semester1\oop-with-(c++)\.vacation-park-main\vacation-park\vacation-park\Booking.h(15,20): error C4430: missing type specifier - int assumed. Note: C++ does not support default-int
C:\Users\inanc\Documents\.thomasMore\phase1-semester1\oop-with-(c++)\.vacation-park-main\vacation-park\vacation-park\Booking.h(23,9): error C4430: missing type specifier - int assumed. Note: C++ does not support default-int
C:\Users\inanc\Documents\.thomasMore\phase1-semester1\oop-with-(c++)\.vacation-park-main\vacation-park\vacation-park\Booking.h(25,17): error C2143: syntax error: missing ',' before '&'
C:\Users\inanc\Documents\.thomasMore\phase1-semester1\oop-with-(c++)\.vacation-park-main\vacation-park\vacation-park\Booking.h(34,33): error C4430: missing type specifier - int assumed. Note: C++ does not support default-int
C:\Users\inanc\Documents\.thomasMore\phase1-semester1\oop-with-(c++)\.vacation-park-main\vacation-park\vacation-park\Booking.h(34,33): error C2143: syntax error: missing ',' before '&'
C:\Users\inanc\Documents\.thomasMore\phase1-semester1\oop-with-(c++)\.vacation-park-main\vacation-park\vacation-park\Booking.h(42,16): error C4430: missing type specifier - int assumed. Note: C++ does not support default-int
C:\Users\inanc\Documents\.thomasMore\phase1-semester1\oop-with-(c++)\.vacation-park-main\vacation-park\vacation-park\Booking.h(42,16): error C2143: syntax error: missing ';' before '&'
C:\Users\inanc\Documents\.thomasMore\phase1-semester1\oop-with-(c++)\.vacation-park-main\vacation-park\vacation-park\Booking.h(42,37): error C2238: unexpected token(s) preceding ';'
  Generating Code...
